This file contains any messages produced by compilers while
running configure, to aid debugging if configure makes a mistake.

It was created by libcharset configure 1.4, which was
generated by GNU Autoconf 2.69.  Invocation command line was

  $ ./configure --disable-option-checking --prefix=/Users/luciuszhang/development/workspaces/android/QuickCode/IntQRDeocder/NativeLibraries/iconv --build=arm-linux --enable-static=yes --enable-shared=yes --host=arm-linux-androideabi --with-aix-soname=both --with-aix-soname=svr4 --with-sysroot=/Users/luciuszhang/development/workspaces/toolchanins/arm-darwin-14/sysroot --with-gnu-ld=/Users/luciuszhang/development/workspaces/toolchanins/arm-darwin-14/bin/arm-linux-androideabi-ld build_alias=arm-linux host_alias=arm-linux-androideabi CC=/Users/luciuszhang/development/workspaces/toolchanins/arm-darwin-14/bin/arm-linux-androideabi-gcc CFLAGS=-I/Users/luciuszhang/development/workspaces/toolchanins/arm-darwin-14/include -L/Users/luciuszhang/development/workspaces/toolchanins/arm-darwin-14/sysroot/usr/include LDFLAGS=-L/Users/luciuszhang/development/workspaces/toolchanins/arm-darwin-14/lib -L/Users/luciuszhang/development/workspaces/toolchanins/arm-darwin-14/sysroot/usr/lib --cache-file=/dev/null --srcdir=.

## --------- ##
## Platform. ##
## --------- ##

hostname = Lucius-mbp.local
uname -m = x86_64
uname -r = 18.2.0
uname -s = Darwin
uname -v = Darwin Kernel Version 18.2.0: Thu Dec 20 20:46:53 PST 2018; root:xnu-4903.241.1~1/RELEASE_X86_64

/usr/bin/uname -p = i386
/bin/uname -X     = unknown

/bin/arch              = unknown
/usr/bin/arch -k       = unknown
/usr/convex/getsysinfo = unknown
/usr/bin/hostinfo      = Mach kernel version:
	 Darwin Kernel Version 18.2.0: Thu Dec 20 20:46:53 PST 2018; root:xnu-4903.241.1~1/RELEASE_X86_64
Kernel configured for up to 12 processors.
6 processors are physically available.
12 processors are logically available.
Processor type: x86_64h (Intel x86-64h Haswell)
Processors active: 0 1 2 3 4 5 6 7 8 9 10 11
Primary memory available: 32.00 gigabytes
Default processor set: 373 tasks, 1982 threads, 12 processors
Load average: 2.69, Mach factor: 9.30
/bin/machine           = unknown
/usr/bin/oslevel       = unknown
/bin/universe          = unknown

PATH: /Library/Frameworks/Python.framework/Versions/3.6/bin
PATH: /Library/Frameworks/Python.framework/Versions/3.7/bin
PATH: /Library/Frameworks/Python.framework/Versions/3.7/bin
PATH: /Users/luciuszhang/development/workspaces/source/depot_tools
PATH: /Users/luciuszhang/development/android/dex2jar-2.0
PATH: /Users/luciuszhang/development/android/flutter/bin
PATH: /Users/luciuszhang/development/android/android-sdk/platform-tools
PATH: /Library/Frameworks/Python.framework/Versions/3.6/bin
PATH: /usr/local/bin
PATH: /usr/bin
PATH: /bin
PATH: /usr/sbin
PATH: /sbin
PATH: /Applications/VMware Fusion.app/Contents/Public


## ----------- ##
## Core tests. ##
## ----------- ##

configure:2204: checking whether make sets $(MAKE)
configure:2226: result: yes
configure:2245: checking for arm-linux-androideabi-gcc
configure:2272: result: /Users/luciuszhang/development/workspaces/toolchanins/arm-darwin-14/bin/arm-linux-androideabi-gcc
configure:2541: checking for C compiler version
configure:2550: /Users/luciuszhang/development/workspaces/toolchanins/arm-darwin-14/bin/arm-linux-androideabi-gcc --version >&5
arm-linux-androideabi-gcc (GCC) 4.9.x 20150123 (prerelease)
Copyright (C) 2014 Free Software Foundation, Inc.
This is free software; see the source for copying conditions.  There is NO
warranty; not even for MERCHANTABILITY or FITNESS FOR A PARTICULAR PURPOSE.

configure:2561: $? = 0
configure:2550: /Users/luciuszhang/development/workspaces/toolchanins/arm-darwin-14/bin/arm-linux-androideabi-gcc -v >&5
Using built-in specs.
COLLECT_GCC=/Users/luciuszhang/development/workspaces/toolchanins/arm-darwin-14/bin/arm-linux-androideabi-gcc
COLLECT_LTO_WRAPPER=/Users/luciuszhang/development/workspaces/toolchanins/arm-darwin-14/bin/../libexec/gcc/arm-linux-androideabi/4.9.x/lto-wrapper
Target: arm-linux-androideabi
Configured with: /Volumes/Android/buildbot/src/android/gcc/toolchain/build/../gcc/gcc-4.9/configure --prefix=/tmp/0899942388fbb00fc6ca4802fb5910ae --target=arm-linux-androideabi --host=x86_64-apple-darwin --build=x86_64-apple-darwin --with-gnu-as --with-gnu-ld --enable-languages=c,c++ --with-gmp=/buildbot/tmp/build/toolchain/temp-install --with-mpfr=/buildbot/tmp/build/toolchain/temp-install --with-mpc=/buildbot/tmp/build/toolchain/temp-install --with-cloog=/buildbot/tmp/build/toolchain/temp-install --with-isl=/buildbot/tmp/build/toolchain/temp-install --with-ppl=/buildbot/tmp/build/toolchain/temp-install --disable-ppl-version-check --disable-cloog-version-check --disable-isl-version-check --enable-cloog-backend=isl --with-host-libstdcxx='-static-libgcc -lstdc++ -lm' --disable-libssp --enable-threads --disable-nls --disable-libmudflap --disable-libgomp --disable-libstdc__-v3 --disable-sjlj-exceptions --disable-shared --disable-tls --disable-libitm --with-float=soft --with-fpu=vfp --with-arch=armv5te --enable-target-optspace --enable-bionic-libs --enable-libatomic-ifuncs=no --enable-initfini-array --disable-nls --prefix=/tmp/0899942388fbb00fc6ca4802fb5910ae --with-sysroot=/tmp/0899942388fbb00fc6ca4802fb5910ae/sysroot --with-binutils-version=2.25 --with-mpfr-version=3.1.1 --with-mpc-version=1.0.1 --with-gmp-version=5.0.5 --with-gcc-version=4.9 --with-gdb-version=none --with-gxx-include-dir=/tmp/0899942388fbb00fc6ca4802fb5910ae/include/c++/4.9.x --with-bugurl=http://source.android.com/source/report-bugs.html --enable-languages=c,c++ --disable-bootstrap --enable-plugins --enable-libgomp --enable-gnu-indirect-function --disable-libsanitizer --enable-gold --enable-threads --enable-eh-frame-hdr-for-static --enable-graphite=yes --with-isl-version=0.11.1 --with-cloog-version=0.18.0 --with-arch=armv5te --program-transform-name='s&^&arm-linux-androideabi-&' --enable-gold=default
Thread model: posix
gcc version 4.9.x 20150123 (prerelease) (GCC) 
configure:2561: $? = 0
configure:2550: /Users/luciuszhang/development/workspaces/toolchanins/arm-darwin-14/bin/arm-linux-androideabi-gcc -V >&5
arm-linux-androideabi-gcc: error: unrecognized command line option '-V'
arm-linux-androideabi-gcc: fatal error: no input files
compilation terminated.
configure:2561: $? = 1
configure:2550: /Users/luciuszhang/development/workspaces/toolchanins/arm-darwin-14/bin/arm-linux-androideabi-gcc -qversion >&5
arm-linux-androideabi-gcc: error: unrecognized command line option '-qversion'
arm-linux-androideabi-gcc: fatal error: no input files
compilation terminated.
configure:2561: $? = 1
configure:2581: checking whether the C compiler works
configure:2603: /Users/luciuszhang/development/workspaces/toolchanins/arm-darwin-14/bin/arm-linux-androideabi-gcc -I/Users/luciuszhang/development/workspaces/toolchanins/arm-darwin-14/include -L/Users/luciuszhang/development/workspaces/toolchanins/arm-darwin-14/sysroot/usr/include  -L/Users/luciuszhang/development/workspaces/toolchanins/arm-darwin-14/lib -L/Users/luciuszhang/development/workspaces/toolchanins/arm-darwin-14/sysroot/usr/lib conftest.c  >&5
configure:2607: $? = 0
configure:2655: result: yes
configure:2658: checking for C compiler default output file name
configure:2660: result: a.out
configure:2666: checking for suffix of executables
configure:2673: /Users/luciuszhang/development/workspaces/toolchanins/arm-darwin-14/bin/arm-linux-androideabi-gcc -o conftest -I/Users/luciuszhang/development/workspaces/toolchanins/arm-darwin-14/include -L/Users/luciuszhang/development/workspaces/toolchanins/arm-darwin-14/sysroot/usr/include  -L/Users/luciuszhang/development/workspaces/toolchanins/arm-darwin-14/lib -L/Users/luciuszhang/development/workspaces/toolchanins/arm-darwin-14/sysroot/usr/lib conftest.c  >&5
configure:2677: $? = 0
configure:2699: result: 
configure:2721: checking whether we are cross compiling
configure:2759: result: yes
configure:2764: checking for suffix of object files
configure:2786: /Users/luciuszhang/development/workspaces/toolchanins/arm-darwin-14/bin/arm-linux-androideabi-gcc -c -I/Users/luciuszhang/development/workspaces/toolchanins/arm-darwin-14/include -L/Users/luciuszhang/development/workspaces/toolchanins/arm-darwin-14/sysroot/usr/include  conftest.c >&5
configure:2790: $? = 0
configure:2811: result: o
configure:2815: checking whether we are using the GNU C compiler
configure:2834: /Users/luciuszhang/development/workspaces/toolchanins/arm-darwin-14/bin/arm-linux-androideabi-gcc -c -I/Users/luciuszhang/development/workspaces/toolchanins/arm-darwin-14/include -L/Users/luciuszhang/development/workspaces/toolchanins/arm-darwin-14/sysroot/usr/include  conftest.c >&5
configure:2834: $? = 0
configure:2843: result: yes
configure:2852: checking whether /Users/luciuszhang/development/workspaces/toolchanins/arm-darwin-14/bin/arm-linux-androideabi-gcc accepts -g
configure:2872: /Users/luciuszhang/development/workspaces/toolchanins/arm-darwin-14/bin/arm-linux-androideabi-gcc -c -g  conftest.c >&5
configure:2872: $? = 0
configure:2913: result: yes
configure:2930: checking for /Users/luciuszhang/development/workspaces/toolchanins/arm-darwin-14/bin/arm-linux-androideabi-gcc option to accept ISO C89
configure:2993: /Users/luciuszhang/development/workspaces/toolchanins/arm-darwin-14/bin/arm-linux-androideabi-gcc  -c -I/Users/luciuszhang/development/workspaces/toolchanins/arm-darwin-14/include -L/Users/luciuszhang/development/workspaces/toolchanins/arm-darwin-14/sysroot/usr/include  conftest.c >&5
configure:2993: $? = 0
configure:3006: result: none needed
configure:3031: checking how to run the C preprocessor
configure:3062: /Users/luciuszhang/development/workspaces/toolchanins/arm-darwin-14/bin/arm-linux-androideabi-gcc -E  conftest.c
configure:3062: $? = 0
configure:3076: /Users/luciuszhang/development/workspaces/toolchanins/arm-darwin-14/bin/arm-linux-androideabi-gcc -E  conftest.c
conftest.c:9:28: fatal error: ac_nonexistent.h: No such file or directory
 #include <ac_nonexistent.h>
                            ^
compilation terminated.
configure:3076: $? = 1
configure: failed program was:
| /* confdefs.h */
| #define PACKAGE_NAME "libcharset"
| #define PACKAGE_TARNAME "libcharset"
| #define PACKAGE_VERSION "1.4"
| #define PACKAGE_STRING "libcharset 1.4"
| #define PACKAGE_BUGREPORT ""
| #define PACKAGE_URL ""
| /* end confdefs.h.  */
| #include <ac_nonexistent.h>
configure:3101: result: /Users/luciuszhang/development/workspaces/toolchanins/arm-darwin-14/bin/arm-linux-androideabi-gcc -E
configure:3121: /Users/luciuszhang/development/workspaces/toolchanins/arm-darwin-14/bin/arm-linux-androideabi-gcc -E  conftest.c
configure:3121: $? = 0
configure:3135: /Users/luciuszhang/development/workspaces/toolchanins/arm-darwin-14/bin/arm-linux-androideabi-gcc -E  conftest.c
conftest.c:9:28: fatal error: ac_nonexistent.h: No such file or directory
 #include <ac_nonexistent.h>
                            ^
compilation terminated.
configure:3135: $? = 1
configure: failed program was:
| /* confdefs.h */
| #define PACKAGE_NAME "libcharset"
| #define PACKAGE_TARNAME "libcharset"
| #define PACKAGE_VERSION "1.4"
| #define PACKAGE_STRING "libcharset 1.4"
| #define PACKAGE_BUGREPORT ""
| #define PACKAGE_URL ""
| /* end confdefs.h.  */
| #include <ac_nonexistent.h>
configure:3177: checking for a BSD-compatible install
configure:3245: result: /usr/bin/install -c
configure:3262: checking build system type
configure:3276: result: arm-unknown-linux-gnu
configure:3296: checking host system type
configure:3309: result: arm-unknown-linux-androideabi
configure:3332: checking whether to activate relocatable installation
configure:3347: result: no
configure:3376: checking for grep that handles long lines and -e
configure:3434: result: /usr/bin/grep
configure:3439: checking for egrep
configure:3501: result: /usr/bin/grep -E
configure:3506: checking for ANSI C header files
configure:3526: /Users/luciuszhang/development/workspaces/toolchanins/arm-darwin-14/bin/arm-linux-androideabi-gcc -c -I/Users/luciuszhang/development/workspaces/toolchanins/arm-darwin-14/include -L/Users/luciuszhang/development/workspaces/toolchanins/arm-darwin-14/sysroot/usr/include  conftest.c >&5
configure:3526: $? = 0
configure:3610: result: yes
configure:3623: checking for sys/types.h
configure:3623: /Users/luciuszhang/development/workspaces/toolchanins/arm-darwin-14/bin/arm-linux-androideabi-gcc -c -I/Users/luciuszhang/development/workspaces/toolchanins/arm-darwin-14/include -L/Users/luciuszhang/development/workspaces/toolchanins/arm-darwin-14/sysroot/usr/include  conftest.c >&5
configure:3623: $? = 0
configure:3623: result: yes
configure:3623: checking for sys/stat.h
configure:3623: /Users/luciuszhang/development/workspaces/toolchanins/arm-darwin-14/bin/arm-linux-androideabi-gcc -c -I/Users/luciuszhang/development/workspaces/toolchanins/arm-darwin-14/include -L/Users/luciuszhang/development/workspaces/toolchanins/arm-darwin-14/sysroot/usr/include  conftest.c >&5
configure:3623: $? = 0
configure:3623: result: yes
configure:3623: checking for stdlib.h
configure:3623: /Users/luciuszhang/development/workspaces/toolchanins/arm-darwin-14/bin/arm-linux-androideabi-gcc -c -I/Users/luciuszhang/development/workspaces/toolchanins/arm-darwin-14/include -L/Users/luciuszhang/development/workspaces/toolchanins/arm-darwin-14/sysroot/usr/include  conftest.c >&5
configure:3623: $? = 0
configure:3623: result: yes
configure:3623: checking for string.h
configure:3623: /Users/luciuszhang/development/workspaces/toolchanins/arm-darwin-14/bin/arm-linux-androideabi-gcc -c -I/Users/luciuszhang/development/workspaces/toolchanins/arm-darwin-14/include -L/Users/luciuszhang/development/workspaces/toolchanins/arm-darwin-14/sysroot/usr/include  conftest.c >&5
configure:3623: $? = 0
configure:3623: result: yes
configure:3623: checking for memory.h
configure:3623: /Users/luciuszhang/development/workspaces/toolchanins/arm-darwin-14/bin/arm-linux-androideabi-gcc -c -I/Users/luciuszhang/development/workspaces/toolchanins/arm-darwin-14/include -L/Users/luciuszhang/development/workspaces/toolchanins/arm-darwin-14/sysroot/usr/include  conftest.c >&5
configure:3623: $? = 0
configure:3623: result: yes
configure:3623: checking for strings.h
configure:3623: /Users/luciuszhang/development/workspaces/toolchanins/arm-darwin-14/bin/arm-linux-androideabi-gcc -c -I/Users/luciuszhang/development/workspaces/toolchanins/arm-darwin-14/include -L/Users/luciuszhang/development/workspaces/toolchanins/arm-darwin-14/sysroot/usr/include  conftest.c >&5
configure:3623: $? = 0
configure:3623: result: yes
configure:3623: checking for inttypes.h
configure:3623: /Users/luciuszhang/development/workspaces/toolchanins/arm-darwin-14/bin/arm-linux-androideabi-gcc -c -I/Users/luciuszhang/development/workspaces/toolchanins/arm-darwin-14/include -L/Users/luciuszhang/development/workspaces/toolchanins/arm-darwin-14/sysroot/usr/include  conftest.c >&5
configure:3623: $? = 0
configure:3623: result: yes
configure:3623: checking for stdint.h
configure:3623: /Users/luciuszhang/development/workspaces/toolchanins/arm-darwin-14/bin/arm-linux-androideabi-gcc -c -I/Users/luciuszhang/development/workspaces/toolchanins/arm-darwin-14/include -L/Users/luciuszhang/development/workspaces/toolchanins/arm-darwin-14/sysroot/usr/include  conftest.c >&5
configure:3623: $? = 0
configure:3623: result: yes
configure:3623: checking for unistd.h
configure:3623: /Users/luciuszhang/development/workspaces/toolchanins/arm-darwin-14/bin/arm-linux-androideabi-gcc -c -I/Users/luciuszhang/development/workspaces/toolchanins/arm-darwin-14/include -L/Users/luciuszhang/development/workspaces/toolchanins/arm-darwin-14/sysroot/usr/include  conftest.c >&5
configure:3623: $? = 0
configure:3623: result: yes
configure:3636: checking minix/config.h usability
configure:3636: /Users/luciuszhang/development/workspaces/toolchanins/arm-darwin-14/bin/arm-linux-androideabi-gcc -c -I/Users/luciuszhang/development/workspaces/toolchanins/arm-darwin-14/include -L/Users/luciuszhang/development/workspaces/toolchanins/arm-darwin-14/sysroot/usr/include  conftest.c >&5
conftest.c:53:26: fatal error: minix/config.h: No such file or directory
 #include <minix/config.h>
                          ^
compilation terminated.
configure:3636: $? = 1
configure: failed program was:
| /* confdefs.h */
| #define PACKAGE_NAME "libcharset"
| #define PACKAGE_TARNAME "libcharset"
| #define PACKAGE_VERSION "1.4"
| #define PACKAGE_STRING "libcharset 1.4"
| #define PACKAGE_BUGREPORT ""
| #define PACKAGE_URL ""
| #define INSTALLPREFIX "/Users/luciuszhang/development/workspaces/android/QuickCode/IntQRDeocder/NativeLibraries/iconv"
| #define STDC_HEADERS 1
| #define HAVE_SYS_TYPES_H 1
| #define HAVE_SYS_STAT_H 1
| #define HAVE_STDLIB_H 1
| #define HAVE_STRING_H 1
| #define HAVE_MEMORY_H 1
| #define HAVE_STRINGS_H 1
| #define HAVE_INTTYPES_H 1
| #define HAVE_STDINT_H 1
| #define HAVE_UNISTD_H 1
| /* end confdefs.h.  */
| #include <stdio.h>
| #ifdef HAVE_SYS_TYPES_H
| # include <sys/types.h>
| #endif
| #ifdef HAVE_SYS_STAT_H
| # include <sys/stat.h>
| #endif
| #ifdef STDC_HEADERS
| # include <stdlib.h>
| # include <stddef.h>
| #else
| # ifdef HAVE_STDLIB_H
| #  include <stdlib.h>
| # endif
| #endif
| #ifdef HAVE_STRING_H
| # if !defined STDC_HEADERS && defined HAVE_MEMORY_H
| #  include <memory.h>
| # endif
| # include <string.h>
| #endif
| #ifdef HAVE_STRINGS_H
| # include <strings.h>
| #endif
| #ifdef HAVE_INTTYPES_H
| # include <inttypes.h>
| #endif
| #ifdef HAVE_STDINT_H
| # include <stdint.h>
| #endif
| #ifdef HAVE_UNISTD_H
| # include <unistd.h>
| #endif
| #include <minix/config.h>
configure:3636: result: no
configure:3636: checking minix/config.h presence
configure:3636: /Users/luciuszhang/development/workspaces/toolchanins/arm-darwin-14/bin/arm-linux-androideabi-gcc -E  conftest.c
conftest.c:20:26: fatal error: minix/config.h: No such file or directory
 #include <minix/config.h>
                          ^
compilation terminated.
configure:3636: $? = 1
configure: failed program was:
| /* confdefs.h */
| #define PACKAGE_NAME "libcharset"
| #define PACKAGE_TARNAME "libcharset"
| #define PACKAGE_VERSION "1.4"
| #define PACKAGE_STRING "libcharset 1.4"
| #define PACKAGE_BUGREPORT ""
| #define PACKAGE_URL ""
| #define INSTALLPREFIX "/Users/luciuszhang/development/workspaces/android/QuickCode/IntQRDeocder/NativeLibraries/iconv"
| #define STDC_HEADERS 1
| #define HAVE_SYS_TYPES_H 1
| #define HAVE_SYS_STAT_H 1
| #define HAVE_STDLIB_H 1
| #define HAVE_STRING_H 1
| #define HAVE_MEMORY_H 1
| #define HAVE_STRINGS_H 1
| #define HAVE_INTTYPES_H 1
| #define HAVE_STDINT_H 1
| #define HAVE_UNISTD_H 1
| /* end confdefs.h.  */
| #include <minix/config.h>
configure:3636: result: no
configure:3636: checking for minix/config.h
configure:3636: result: no
configure:3657: checking whether it is safe to define __EXTENSIONS__
configure:3675: /Users/luciuszhang/development/workspaces/toolchanins/arm-darwin-14/bin/arm-linux-androideabi-gcc -c -I/Users/luciuszhang/development/workspaces/toolchanins/arm-darwin-14/include -L/Users/luciuszhang/development/workspaces/toolchanins/arm-darwin-14/sysroot/usr/include  conftest.c >&5
configure:3675: $? = 0
configure:3682: result: yes
configure:3748: checking how to print strings
configure:3775: result: printf
configure:3796: checking for a sed that does not truncate output
configure:3860: result: /usr/bin/sed
configure:3878: checking for fgrep
configure:3940: result: /usr/bin/grep -F
configure:3975: checking for ld used by /Users/luciuszhang/development/workspaces/toolchanins/arm-darwin-14/bin/arm-linux-androideabi-gcc
configure:4042: result: /Users/luciuszhang/development/workspaces/toolchanins/arm-darwin-14/arm-linux-androideabi/bin/ld
configure:4049: checking if the linker (/Users/luciuszhang/development/workspaces/toolchanins/arm-darwin-14/arm-linux-androideabi/bin/ld) is GNU ld
configure:4064: result: yes
configure:4076: checking for BSD- or MS-compatible name lister (nm)
configure:4130: result: no
configure:4144: checking for arm-linux-androideabi-dumpbin
configure:4174: result: no
configure:4144: checking for arm-linux-androideabi-link
configure:4174: result: no
configure:4188: checking for dumpbin
configure:4218: result: no
configure:4188: checking for link
configure:4204: found /bin/link
configure:4215: result: link -dump
configure:4231: WARNING: using cross tools not prefixed with host triplet
configure:4260: checking the name lister (nm) interface
configure:4267: /Users/luciuszhang/development/workspaces/toolchanins/arm-darwin-14/bin/arm-linux-androideabi-gcc -c -I/Users/luciuszhang/development/workspaces/toolchanins/arm-darwin-14/include -L/Users/luciuszhang/development/workspaces/toolchanins/arm-darwin-14/sysroot/usr/include  conftest.c >&5
configure:4270: nm "conftest.o"
configure:4273: output
00000000 B some_variable
configure:4280: result: BSD nm
configure:4283: checking whether ln -s works
configure:4287: result: yes
configure:4295: checking the maximum length of command line arguments
configure:4426: result: 196608
configure:4474: checking how to convert arm-unknown-linux-gnu file names to arm-unknown-linux-androideabi format
configure:4514: result: func_convert_file_noop
configure:4521: checking how to convert arm-unknown-linux-gnu file names to toolchain format
configure:4541: result: func_convert_file_noop
configure:4548: checking for /Users/luciuszhang/development/workspaces/toolchanins/arm-darwin-14/arm-linux-androideabi/bin/ld option to reload object files
configure:4555: result: -r
configure:4589: checking for arm-linux-androideabi-objdump
configure:4619: result: no
configure:4629: checking for objdump
configure:4645: found /usr/bin/objdump
configure:4656: result: objdump
configure:4685: checking how to recognize dependent libraries
configure:4885: result: pass_all
configure:4930: checking for arm-linux-androideabi-dlltool
configure:4960: result: no
configure:4970: checking for dlltool
configure:5000: result: no
configure:5027: checking how to associate runtime and link libraries
configure:5054: result: printf %s\n
configure:5070: checking for arm-linux-androideabi-ar
configure:5097: result: /Users/luciuszhang/development/workspaces/toolchanins/arm-darwin-14/bin/arm-linux-androideabi-ar
configure:5178: checking for archiver @FILE support
configure:5195: /Users/luciuszhang/development/workspaces/toolchanins/arm-darwin-14/bin/arm-linux-androideabi-gcc -c -I/Users/luciuszhang/development/workspaces/toolchanins/arm-darwin-14/include -L/Users/luciuszhang/development/workspaces/toolchanins/arm-darwin-14/sysroot/usr/include  conftest.c >&5
configure:5195: $? = 0
configure:5198: /Users/luciuszhang/development/workspaces/toolchanins/arm-darwin-14/bin/arm-linux-androideabi-ar cru libconftest.a @conftest.lst >&5
configure:5201: $? = 0
configure:5206: /Users/luciuszhang/development/workspaces/toolchanins/arm-darwin-14/bin/arm-linux-androideabi-ar cru libconftest.a @conftest.lst >&5
/Users/luciuszhang/development/workspaces/toolchanins/arm-darwin-14/bin/arm-linux-androideabi-ar: conftest.o: No such file or directory
configure:5209: $? = 1
configure:5221: result: @
configure:5239: checking for arm-linux-androideabi-strip
configure:5266: result: /Users/luciuszhang/development/workspaces/toolchanins/arm-darwin-14/bin/arm-linux-androideabi-strip
configure:5338: checking for arm-linux-androideabi-ranlib
configure:5365: result: /Users/luciuszhang/development/workspaces/toolchanins/arm-darwin-14/bin/arm-linux-androideabi-ranlib
configure:5482: checking for gawk
configure:5512: result: no
configure:5482: checking for mawk
configure:5512: result: no
configure:5482: checking for nawk
configure:5512: result: no
configure:5482: checking for awk
configure:5498: found /usr/bin/awk
configure:5509: result: awk
configure:5549: checking command to parse nm output from /Users/luciuszhang/development/workspaces/toolchanins/arm-darwin-14/bin/arm-linux-androideabi-gcc object
configure:5702: /Users/luciuszhang/development/workspaces/toolchanins/arm-darwin-14/bin/arm-linux-androideabi-gcc -c -I/Users/luciuszhang/development/workspaces/toolchanins/arm-darwin-14/include -L/Users/luciuszhang/development/workspaces/toolchanins/arm-darwin-14/sysroot/usr/include  conftest.c >&5
configure:5705: $? = 0
configure:5709: nm conftest.o \| sed -n -e 's/^.*[ ]\([BCDEGRST][BCDEGRST]*\)[ ][ ]*\([_A-Za-z][_A-Za-z0-9]*\)$/\1 \2 \2/p' | sed '/ __gnu_lto/d' \> conftest.nm
configure:5712: $? = 0
configure:5778: /Users/luciuszhang/development/workspaces/toolchanins/arm-darwin-14/bin/arm-linux-androideabi-gcc -o conftest -I/Users/luciuszhang/development/workspaces/toolchanins/arm-darwin-14/include -L/Users/luciuszhang/development/workspaces/toolchanins/arm-darwin-14/sysroot/usr/include  -L/Users/luciuszhang/development/workspaces/toolchanins/arm-darwin-14/lib -L/Users/luciuszhang/development/workspaces/toolchanins/arm-darwin-14/sysroot/usr/lib conftest.c conftstm.o >&5
configure:5781: $? = 0
configure:5819: result: ok
configure:5866: checking for sysroot
configure:5896: result: /Users/luciuszhang/development/workspaces/toolchanins/arm-darwin-14/sysroot
configure:5903: checking for a working dd
configure:5941: result: /bin/dd
configure:5945: checking how to truncate binary pipes
configure:5960: result: /bin/dd bs=4096 count=1
configure:6249: checking for arm-linux-androideabi-mt
configure:6279: result: no
configure:6289: checking for mt
configure:6319: result: no
configure:6339: checking if : is a manifest tool
configure:6345: : '-?'
configure:6353: result: no
configure:7027: checking for dlfcn.h
configure:7027: /Users/luciuszhang/development/workspaces/toolchanins/arm-darwin-14/bin/arm-linux-androideabi-gcc -c -I/Users/luciuszhang/development/workspaces/toolchanins/arm-darwin-14/include -L/Users/luciuszhang/development/workspaces/toolchanins/arm-darwin-14/sysroot/usr/include  conftest.c >&5
configure:7027: $? = 0
configure:7027: result: yes
configure:7581: checking for objdir
configure:7596: result: .libs
configure:7860: checking if /Users/luciuszhang/development/workspaces/toolchanins/arm-darwin-14/bin/arm-linux-androideabi-gcc supports -fno-rtti -fno-exceptions
configure:7878: /Users/luciuszhang/development/workspaces/toolchanins/arm-darwin-14/bin/arm-linux-androideabi-gcc -c -I/Users/luciuszhang/development/workspaces/toolchanins/arm-darwin-14/include -L/Users/luciuszhang/development/workspaces/toolchanins/arm-darwin-14/sysroot/usr/include  -fno-rtti -fno-exceptions conftest.c >&5
cc1: warning: command line option '-fno-rtti' is valid for C++/ObjC++ but not for C
configure:7882: $? = 0
configure:7895: result: no
configure:8253: checking for /Users/luciuszhang/development/workspaces/toolchanins/arm-darwin-14/bin/arm-linux-androideabi-gcc option to produce PIC
configure:8260: result: -fPIC -DPIC
configure:8268: checking if /Users/luciuszhang/development/workspaces/toolchanins/arm-darwin-14/bin/arm-linux-androideabi-gcc PIC flag -fPIC -DPIC works
configure:8286: /Users/luciuszhang/development/workspaces/toolchanins/arm-darwin-14/bin/arm-linux-androideabi-gcc -c -I/Users/luciuszhang/development/workspaces/toolchanins/arm-darwin-14/include -L/Users/luciuszhang/development/workspaces/toolchanins/arm-darwin-14/sysroot/usr/include  -fPIC -DPIC -DPIC conftest.c >&5
configure:8290: $? = 0
configure:8303: result: yes
configure:8332: checking if /Users/luciuszhang/development/workspaces/toolchanins/arm-darwin-14/bin/arm-linux-androideabi-gcc static flag -static works
configure:8360: result: yes
configure:8375: checking if /Users/luciuszhang/development/workspaces/toolchanins/arm-darwin-14/bin/arm-linux-androideabi-gcc supports -c -o file.o
configure:8396: /Users/luciuszhang/development/workspaces/toolchanins/arm-darwin-14/bin/arm-linux-androideabi-gcc -c -I/Users/luciuszhang/development/workspaces/toolchanins/arm-darwin-14/include -L/Users/luciuszhang/development/workspaces/toolchanins/arm-darwin-14/sysroot/usr/include  -o out/conftest2.o conftest.c >&5
configure:8400: $? = 0
configure:8422: result: yes
configure:8430: checking if /Users/luciuszhang/development/workspaces/toolchanins/arm-darwin-14/bin/arm-linux-androideabi-gcc supports -c -o file.o
configure:8477: result: yes
configure:8510: checking whether the /Users/luciuszhang/development/workspaces/toolchanins/arm-darwin-14/bin/arm-linux-androideabi-gcc linker (/Users/luciuszhang/development/workspaces/toolchanins/arm-darwin-14/arm-linux-androideabi/bin/ld) supports shared libraries
configure:9769: result: yes
configure:9806: checking whether -lc should be explicitly linked in
configure:9814: /Users/luciuszhang/development/workspaces/toolchanins/arm-darwin-14/bin/arm-linux-androideabi-gcc -c -I/Users/luciuszhang/development/workspaces/toolchanins/arm-darwin-14/include -L/Users/luciuszhang/development/workspaces/toolchanins/arm-darwin-14/sysroot/usr/include  conftest.c >&5
configure:9817: $? = 0
configure:9832: /Users/luciuszhang/development/workspaces/toolchanins/arm-darwin-14/bin/arm-linux-androideabi-gcc -shared  -fPIC -DPIC conftest.o  -v -Wl,-soname -Wl,conftest -o conftest 2\>\&1 \| /usr/bin/grep  -lc  \>/dev/null 2\>\&1
configure:9835: $? = 0
configure:9849: result: no
configure:10009: checking dynamic linker characteristics
configure:10827: result: Android linker
configure:10949: checking how to hardcode library paths into programs
configure:10974: result: immediate
configure:11522: checking whether stripping libraries is possible
configure:11527: result: yes
configure:11562: checking if libtool supports shared libraries
configure:11564: result: yes
configure:11567: checking whether to build shared libraries
configure:11592: result: yes
configure:11595: checking whether to build static libraries
configure:11599: result: yes
configure:11641: checking whether the -Werror option is usable
configure:11660: /Users/luciuszhang/development/workspaces/toolchanins/arm-darwin-14/bin/arm-linux-androideabi-gcc -c -I/Users/luciuszhang/development/workspaces/toolchanins/arm-darwin-14/include -L/Users/luciuszhang/development/workspaces/toolchanins/arm-darwin-14/sysroot/usr/include -Werror  conftest.c >&5
configure:11660: $? = 0
configure:11669: result: yes
configure:11671: checking for simple visibility declarations
configure:11698: /Users/luciuszhang/development/workspaces/toolchanins/arm-darwin-14/bin/arm-linux-androideabi-gcc -c -I/Users/luciuszhang/development/workspaces/toolchanins/arm-darwin-14/include -L/Users/luciuszhang/development/workspaces/toolchanins/arm-darwin-14/sysroot/usr/include -fvisibility=hidden -Werror  conftest.c >&5
configure:11698: $? = 0
configure:11707: result: yes
configure:11725: checking for nl_langinfo and CODESET
configure:11741: /Users/luciuszhang/development/workspaces/toolchanins/arm-darwin-14/bin/arm-linux-androideabi-gcc -o conftest -I/Users/luciuszhang/development/workspaces/toolchanins/arm-darwin-14/include -L/Users/luciuszhang/development/workspaces/toolchanins/arm-darwin-14/sysroot/usr/include  -L/Users/luciuszhang/development/workspaces/toolchanins/arm-darwin-14/lib -L/Users/luciuszhang/development/workspaces/toolchanins/arm-darwin-14/sysroot/usr/lib conftest.c  >&5
conftest.c:28:22: fatal error: langinfo.h: No such file or directory
 #include <langinfo.h>
                      ^
compilation terminated.
configure:11741: $? = 1
configure: failed program was:
| /* confdefs.h */
| #define PACKAGE_NAME "libcharset"
| #define PACKAGE_TARNAME "libcharset"
| #define PACKAGE_VERSION "1.4"
| #define PACKAGE_STRING "libcharset 1.4"
| #define PACKAGE_BUGREPORT ""
| #define PACKAGE_URL ""
| #define INSTALLPREFIX "/Users/luciuszhang/development/workspaces/android/QuickCode/IntQRDeocder/NativeLibraries/iconv"
| #define STDC_HEADERS 1
| #define HAVE_SYS_TYPES_H 1
| #define HAVE_SYS_STAT_H 1
| #define HAVE_STDLIB_H 1
| #define HAVE_STRING_H 1
| #define HAVE_MEMORY_H 1
| #define HAVE_STRINGS_H 1
| #define HAVE_INTTYPES_H 1
| #define HAVE_STDINT_H 1
| #define HAVE_UNISTD_H 1
| #define __EXTENSIONS__ 1
| #define _ALL_SOURCE 1
| #define _GNU_SOURCE 1
| #define _POSIX_PTHREAD_SEMANTICS 1
| #define _TANDEM_SOURCE 1
| #define HAVE_DLFCN_H 1
| #define LT_OBJDIR ".libs/"
| #define HAVE_VISIBILITY 1
| /* end confdefs.h.  */
| #include <langinfo.h>
| int
| main ()
| {
| char* cs = nl_langinfo(CODESET); return !cs;
|   ;
|   return 0;
| }
configure:11750: result: no
configure:11764: checking for unistd.h
configure:11764: result: yes
configure:11783: checking for symlink
configure:11783: /Users/luciuszhang/development/workspaces/toolchanins/arm-darwin-14/bin/arm-linux-androideabi-gcc -o conftest -I/Users/luciuszhang/development/workspaces/toolchanins/arm-darwin-14/include -L/Users/luciuszhang/development/workspaces/toolchanins/arm-darwin-14/sysroot/usr/include  -L/Users/luciuszhang/development/workspaces/toolchanins/arm-darwin-14/lib -L/Users/luciuszhang/development/workspaces/toolchanins/arm-darwin-14/sysroot/usr/lib conftest.c  >&5
configure:11783: $? = 0
configure:11783: result: yes
configure:11799: checking for working fcntl.h
configure:11917: result: cross-compiling
configure:11941: checking whether we are using the GNU C Library >= 2.1 or uClibc
configure:11971: result: no
configure:11979: checking for setlocale
configure:11979: /Users/luciuszhang/development/workspaces/toolchanins/arm-darwin-14/bin/arm-linux-androideabi-gcc -o conftest -I/Users/luciuszhang/development/workspaces/toolchanins/arm-darwin-14/include -L/Users/luciuszhang/development/workspaces/toolchanins/arm-darwin-14/sysroot/usr/include  -L/Users/luciuszhang/development/workspaces/toolchanins/arm-darwin-14/lib -L/Users/luciuszhang/development/workspaces/toolchanins/arm-darwin-14/sysroot/usr/lib conftest.c  >&5
configure:11979: $? = 0
configure:11979: result: yes
configure:12111: creating ./config.status

## ---------------------- ##
## Running config.status. ##
## ---------------------- ##

This file was extended by libcharset config.status 1.4, which was
generated by GNU Autoconf 2.69.  Invocation command line was

  CONFIG_FILES    = 
  CONFIG_HEADERS  = 
  CONFIG_LINKS    = 
  CONFIG_COMMANDS = 
  $ ./config.status 

on Lucius-mbp.local

config.status:1068: creating Makefile
config.status:1068: creating lib/Makefile
config.status:1068: creating include/localcharset.h
config.status:1068: creating include/localcharset.h.inst
config.status:1068: creating config.h
config.status:1257: executing libtool commands

## ---------------- ##
## Cache variables. ##
## ---------------- ##

ac_cv_build=arm-unknown-linux-gnu
ac_cv_c_compiler_gnu=yes
ac_cv_env_CC_set=set
ac_cv_env_CC_value=/Users/luciuszhang/development/workspaces/toolchanins/arm-darwin-14/bin/arm-linux-androideabi-gcc
ac_cv_env_CFLAGS_set=set
ac_cv_env_CFLAGS_value='-I/Users/luciuszhang/development/workspaces/toolchanins/arm-darwin-14/include -L/Users/luciuszhang/development/workspaces/toolchanins/arm-darwin-14/sysroot/usr/include'
ac_cv_env_CPPFLAGS_set=
ac_cv_env_CPPFLAGS_value=
ac_cv_env_CPP_set=
ac_cv_env_CPP_value=
ac_cv_env_LDFLAGS_set=set
ac_cv_env_LDFLAGS_value='-L/Users/luciuszhang/development/workspaces/toolchanins/arm-darwin-14/lib -L/Users/luciuszhang/development/workspaces/toolchanins/arm-darwin-14/sysroot/usr/lib'
ac_cv_env_LIBS_set=
ac_cv_env_LIBS_value=
ac_cv_env_LT_SYS_LIBRARY_PATH_set=
ac_cv_env_LT_SYS_LIBRARY_PATH_value=
ac_cv_env_build_alias_set=set
ac_cv_env_build_alias_value=arm-linux
ac_cv_env_host_alias_set=set
ac_cv_env_host_alias_value=arm-linux-androideabi
ac_cv_env_target_alias_set=
ac_cv_env_target_alias_value=
ac_cv_func_setlocale=yes
ac_cv_func_symlink=yes
ac_cv_gnu_library_2_1=no
ac_cv_header_dlfcn_h=yes
ac_cv_header_inttypes_h=yes
ac_cv_header_memory_h=yes
ac_cv_header_minix_config_h=no
ac_cv_header_stdc=yes
ac_cv_header_stdint_h=yes
ac_cv_header_stdlib_h=yes
ac_cv_header_string_h=yes
ac_cv_header_strings_h=yes
ac_cv_header_sys_stat_h=yes
ac_cv_header_sys_types_h=yes
ac_cv_header_unistd_h=yes
ac_cv_host=arm-unknown-linux-androideabi
ac_cv_objext=o
ac_cv_path_EGREP='/usr/bin/grep -E'
ac_cv_path_FGREP='/usr/bin/grep -F'
ac_cv_path_GREP=/usr/bin/grep
ac_cv_path_SED=/usr/bin/sed
ac_cv_path_install='/usr/bin/install -c'
ac_cv_path_lt_DD=/bin/dd
ac_cv_prog_AR=/Users/luciuszhang/development/workspaces/toolchanins/arm-darwin-14/bin/arm-linux-androideabi-ar
ac_cv_prog_AWK=awk
ac_cv_prog_CC=/Users/luciuszhang/development/workspaces/toolchanins/arm-darwin-14/bin/arm-linux-androideabi-gcc
ac_cv_prog_CPP='/Users/luciuszhang/development/workspaces/toolchanins/arm-darwin-14/bin/arm-linux-androideabi-gcc -E'
ac_cv_prog_RANLIB=/Users/luciuszhang/development/workspaces/toolchanins/arm-darwin-14/bin/arm-linux-androideabi-ranlib
ac_cv_prog_STRIP=/Users/luciuszhang/development/workspaces/toolchanins/arm-darwin-14/bin/arm-linux-androideabi-strip
ac_cv_prog_ac_ct_DUMPBIN='link -dump'
ac_cv_prog_ac_ct_OBJDUMP=objdump
ac_cv_prog_cc_c89=
ac_cv_prog_cc_g=yes
ac_cv_prog_make_make_set=yes
ac_cv_safe_to_define___extensions__=yes
am_cv_langinfo_codeset=no
gl_cv_cc_vis_werror=yes
gl_cv_cc_visibility=yes
gl_cv_header_working_fcntl_h=cross-compiling
lt_cv_ar_at_file=@
lt_cv_archive_cmds_need_lc=no
lt_cv_deplibs_check_method=pass_all
lt_cv_file_magic_cmd='$MAGIC_CMD'
lt_cv_file_magic_test_file=
lt_cv_ld_reload_flag=-r
lt_cv_nm_interface='BSD nm'
lt_cv_objdir=.libs
lt_cv_path_LD=/Users/luciuszhang/development/workspaces/toolchanins/arm-darwin-14/arm-linux-androideabi/bin/ld
lt_cv_path_NM=no
lt_cv_path_mainfest_tool=no
lt_cv_prog_compiler_c_o=yes
lt_cv_prog_compiler_pic='-fPIC -DPIC'
lt_cv_prog_compiler_pic_works=yes
lt_cv_prog_compiler_rtti_exceptions=no
lt_cv_prog_compiler_static_works=yes
lt_cv_prog_gnu_ld=yes
lt_cv_sharedlib_from_linklib_cmd='printf %s\n'
lt_cv_sys_global_symbol_pipe='sed -n -e '\''s/^.*[	 ]\([BCDEGRST][BCDEGRST]*\)[	 ][	 ]*\([_A-Za-z][_A-Za-z0-9]*\)$/\1 \2 \2/p'\'' | sed '\''/ __gnu_lto/d'\'''
lt_cv_sys_global_symbol_to_c_name_address='sed -n -e '\''s/^: \(.*\) .*$/  {"\1", (void *) 0},/p'\'' -e '\''s/^[BCDEGRST][BCDEGRST]* .* \(.*\)$/  {"\1", (void *) \&\1},/p'\'''
lt_cv_sys_global_symbol_to_c_name_address_lib_prefix='sed -n -e '\''s/^: \(.*\) .*$/  {"\1", (void *) 0},/p'\'' -e '\''s/^[BCDEGRST][BCDEGRST]* .* \(lib.*\)$/  {"\1", (void *) \&\1},/p'\'' -e '\''s/^[BCDEGRST][BCDEGRST]* .* \(.*\)$/  {"lib\1", (void *) \&\1},/p'\'''
lt_cv_sys_global_symbol_to_cdecl='sed -n -e '\''s/^T .* \(.*\)$/extern int \1();/p'\'' -e '\''s/^[BCDEGRST][BCDEGRST]* .* \(.*\)$/extern char \1;/p'\'''
lt_cv_sys_global_symbol_to_import=
lt_cv_sys_max_cmd_len=196608
lt_cv_to_host_file_cmd=func_convert_file_noop
lt_cv_to_tool_file_cmd=func_convert_file_noop
lt_cv_truncate_bin='/bin/dd bs=4096 count=1'

## ----------------- ##
## Output variables. ##
## ----------------- ##

AR='/Users/luciuszhang/development/workspaces/toolchanins/arm-darwin-14/bin/arm-linux-androideabi-ar'
AS='as'
AWK='awk'
CC='/Users/luciuszhang/development/workspaces/toolchanins/arm-darwin-14/bin/arm-linux-androideabi-gcc'
CFLAGS='-I/Users/luciuszhang/development/workspaces/toolchanins/arm-darwin-14/include -L/Users/luciuszhang/development/workspaces/toolchanins/arm-darwin-14/sysroot/usr/include'
CFLAG_VISIBILITY='-fvisibility=hidden'
CPP='/Users/luciuszhang/development/workspaces/toolchanins/arm-darwin-14/bin/arm-linux-androideabi-gcc -E'
CPPFLAGS=''
DEFS='-DHAVE_CONFIG_H'
DLLTOOL='false'
DSYMUTIL=''
DUMPBIN=':'
ECHO_C='\c'
ECHO_N=''
ECHO_T=''
EGREP='/usr/bin/grep -E'
EXEEXT=''
FGREP='/usr/bin/grep -F'
GLIBC21='no'
GREP='/usr/bin/grep'
HAVE_VISIBILITY='1'
INSTALL_DATA='${INSTALL} -m 644'
INSTALL_PROGRAM='${INSTALL}'
INSTALL_SCRIPT='${INSTALL}'
LD='/Users/luciuszhang/development/workspaces/toolchanins/arm-darwin-14/arm-linux-androideabi/bin/ld'
LDFLAGS='-L/Users/luciuszhang/development/workspaces/toolchanins/arm-darwin-14/lib -L/Users/luciuszhang/development/workspaces/toolchanins/arm-darwin-14/sysroot/usr/lib'
LIBOBJS=''
LIBS=''
LIBTOOL='/bin/sh $(top_builddir)/libtool'
LIPO=''
LN_S='ln -s'
LTLIBOBJS=''
LT_SYS_LIBRARY_PATH=''
MANIFEST_TOOL=':'
NM='nm'
NMEDIT=''
OBJDUMP='objdump'
OBJEXT='o'
OTOOL64=''
OTOOL=''
PACKAGE_BUGREPORT=''
PACKAGE_NAME='libcharset'
PACKAGE_STRING='libcharset 1.4'
PACKAGE_TARNAME='libcharset'
PACKAGE_URL=''
PACKAGE_VERSION='1.4'
PATH_SEPARATOR=':'
RANLIB='/Users/luciuszhang/development/workspaces/toolchanins/arm-darwin-14/bin/arm-linux-androideabi-ranlib'
RELOCATABLE='no'
SED='/usr/bin/sed'
SET_MAKE=''
SHELL='/bin/sh'
STRIP='/Users/luciuszhang/development/workspaces/toolchanins/arm-darwin-14/bin/arm-linux-androideabi-strip'
ac_ct_AR=''
ac_ct_CC=''
ac_ct_DUMPBIN='link -dump'
bindir='${exec_prefix}/bin'
build='arm-unknown-linux-gnu'
build_alias='arm-linux'
build_cpu='arm'
build_os='linux-gnu'
build_vendor='unknown'
datadir='${datarootdir}'
datarootdir='${prefix}/share'
docdir='${datarootdir}/doc/${PACKAGE_TARNAME}'
dvidir='${docdir}'
exec_prefix='${prefix}'
host='arm-unknown-linux-androideabi'
host_alias='arm-linux-androideabi'
host_cpu='arm'
host_os='linux-androideabi'
host_vendor='unknown'
htmldir='${docdir}'
includedir='${prefix}/include'
infodir='${datarootdir}/info'
libdir='${exec_prefix}/lib'
libexecdir='${exec_prefix}/libexec'
localedir='${datarootdir}/locale'
localstatedir='${prefix}/var'
mandir='${datarootdir}/man'
oldincludedir='/usr/include'
pdfdir='${docdir}'
prefix='/Users/luciuszhang/development/workspaces/android/QuickCode/IntQRDeocder/NativeLibraries/iconv'
program_transform_name='s,x,x,'
psdir='${docdir}'
sbindir='${exec_prefix}/sbin'
sharedstatedir='${prefix}/com'
sysconfdir='${prefix}/etc'
target_alias=''

## ----------- ##
## confdefs.h. ##
## ----------- ##

/* confdefs.h */
#define PACKAGE_NAME "libcharset"
#define PACKAGE_TARNAME "libcharset"
#define PACKAGE_VERSION "1.4"
#define PACKAGE_STRING "libcharset 1.4"
#define PACKAGE_BUGREPORT ""
#define PACKAGE_URL ""
#define INSTALLPREFIX "/Users/luciuszhang/development/workspaces/android/QuickCode/IntQRDeocder/NativeLibraries/iconv"
#define STDC_HEADERS 1
#define HAVE_SYS_TYPES_H 1
#define HAVE_SYS_STAT_H 1
#define HAVE_STDLIB_H 1
#define HAVE_STRING_H 1
#define HAVE_MEMORY_H 1
#define HAVE_STRINGS_H 1
#define HAVE_INTTYPES_H 1
#define HAVE_STDINT_H 1
#define HAVE_UNISTD_H 1
#define __EXTENSIONS__ 1
#define _ALL_SOURCE 1
#define _GNU_SOURCE 1
#define _POSIX_PTHREAD_SEMANTICS 1
#define _TANDEM_SOURCE 1
#define HAVE_DLFCN_H 1
#define LT_OBJDIR ".libs/"
#define HAVE_VISIBILITY 1
#define HAVE_UNISTD_H 1
#define HAVE_SYMLINK 1
#define HAVE_WORKING_O_NOATIME 0
#define HAVE_WORKING_O_NOFOLLOW 0
#define HAVE_SETLOCALE 1

configure: exit 0
