This file contains any messages produced by compilers while
running configure, to aid debugging if configure makes a mistake.

It was created by libiconv configure 0, which was
generated by GNU Autoconf 2.69.  Invocation command line was

  $ ./configure --disable-option-checking --prefix=/Users/luciuszhang/development/workspaces/android/QuickCode/IntQRDeocder/NativeLibraries/iconv --build=arm-linux --enable-static=yes --enable-shared=yes --host=arm-linux-androideabi --with-aix-soname=both --with-aix-soname=svr4 --with-sysroot=/Users/luciuszhang/development/workspaces/toolchanins/arm-darwin-14/sysroot --with-gnu-ld=/Users/luciuszhang/development/workspaces/toolchanins/arm-darwin-14/bin/arm-linux-androideabi-ld build_alias=arm-linux host_alias=arm-linux-androideabi CC=/Users/luciuszhang/development/workspaces/toolchanins/arm-darwin-14/bin/arm-linux-androideabi-gcc CFLAGS=-I/Users/luciuszhang/development/workspaces/toolchanins/arm-darwin-14/include -L/Users/luciuszhang/development/workspaces/toolchanins/arm-darwin-14/sysroot/usr/include LDFLAGS=-L/Users/luciuszhang/development/workspaces/toolchanins/arm-darwin-14/lib -L/Users/luciuszhang/development/workspaces/toolchanins/arm-darwin-14/sysroot/usr/lib --cache-file=/dev/null --srcdir=.

## --------- ##
## Platform. ##
## --------- ##

hostname = Lucius-mbp.local
uname -m = x86_64
uname -r = 18.2.0
uname -s = Darwin
uname -v = Darwin Kernel Version 18.2.0: Thu Dec 20 20:46:53 PST 2018; root:xnu-4903.241.1~1/RELEASE_X86_64

/usr/bin/uname -p = i386
/bin/uname -X     = unknown

/bin/arch              = unknown
/usr/bin/arch -k       = unknown
/usr/convex/getsysinfo = unknown
/usr/bin/hostinfo      = Mach kernel version:
	 Darwin Kernel Version 18.2.0: Thu Dec 20 20:46:53 PST 2018; root:xnu-4903.241.1~1/RELEASE_X86_64
Kernel configured for up to 12 processors.
6 processors are physically available.
12 processors are logically available.
Processor type: x86_64h (Intel x86-64h Haswell)
Processors active: 0 1 2 3 4 5 6 7 8 9 10 11
Primary memory available: 32.00 gigabytes
Default processor set: 373 tasks, 1974 threads, 12 processors
Load average: 2.02, Mach factor: 9.97
/bin/machine           = unknown
/usr/bin/oslevel       = unknown
/bin/universe          = unknown

PATH: /Library/Frameworks/Python.framework/Versions/3.6/bin
PATH: /Library/Frameworks/Python.framework/Versions/3.7/bin
PATH: /Library/Frameworks/Python.framework/Versions/3.7/bin
PATH: /Users/luciuszhang/development/workspaces/source/depot_tools
PATH: /Users/luciuszhang/development/android/dex2jar-2.0
PATH: /Users/luciuszhang/development/android/flutter/bin
PATH: /Users/luciuszhang/development/android/android-sdk/platform-tools
PATH: /Library/Frameworks/Python.framework/Versions/3.6/bin
PATH: /usr/local/bin
PATH: /usr/bin
PATH: /bin
PATH: /usr/sbin
PATH: /sbin
PATH: /Applications/VMware Fusion.app/Contents/Public


## ----------- ##
## Core tests. ##
## ----------- ##

configure:2198: checking whether make sets $(MAKE)
configure:2220: result: yes
configure:2239: checking for arm-linux-androideabi-gcc
configure:2266: result: /Users/luciuszhang/development/workspaces/toolchanins/arm-darwin-14/bin/arm-linux-androideabi-gcc
configure:2535: checking for C compiler version
configure:2544: /Users/luciuszhang/development/workspaces/toolchanins/arm-darwin-14/bin/arm-linux-androideabi-gcc --version >&5
arm-linux-androideabi-gcc (GCC) 4.9.x 20150123 (prerelease)
Copyright (C) 2014 Free Software Foundation, Inc.
This is free software; see the source for copying conditions.  There is NO
warranty; not even for MERCHANTABILITY or FITNESS FOR A PARTICULAR PURPOSE.

configure:2555: $? = 0
configure:2544: /Users/luciuszhang/development/workspaces/toolchanins/arm-darwin-14/bin/arm-linux-androideabi-gcc -v >&5
Using built-in specs.
COLLECT_GCC=/Users/luciuszhang/development/workspaces/toolchanins/arm-darwin-14/bin/arm-linux-androideabi-gcc
COLLECT_LTO_WRAPPER=/Users/luciuszhang/development/workspaces/toolchanins/arm-darwin-14/bin/../libexec/gcc/arm-linux-androideabi/4.9.x/lto-wrapper
Target: arm-linux-androideabi
Configured with: /Volumes/Android/buildbot/src/android/gcc/toolchain/build/../gcc/gcc-4.9/configure --prefix=/tmp/0899942388fbb00fc6ca4802fb5910ae --target=arm-linux-androideabi --host=x86_64-apple-darwin --build=x86_64-apple-darwin --with-gnu-as --with-gnu-ld --enable-languages=c,c++ --with-gmp=/buildbot/tmp/build/toolchain/temp-install --with-mpfr=/buildbot/tmp/build/toolchain/temp-install --with-mpc=/buildbot/tmp/build/toolchain/temp-install --with-cloog=/buildbot/tmp/build/toolchain/temp-install --with-isl=/buildbot/tmp/build/toolchain/temp-install --with-ppl=/buildbot/tmp/build/toolchain/temp-install --disable-ppl-version-check --disable-cloog-version-check --disable-isl-version-check --enable-cloog-backend=isl --with-host-libstdcxx='-static-libgcc -lstdc++ -lm' --disable-libssp --enable-threads --disable-nls --disable-libmudflap --disable-libgomp --disable-libstdc__-v3 --disable-sjlj-exceptions --disable-shared --disable-tls --disable-libitm --with-float=soft --with-fpu=vfp --with-arch=armv5te --enable-target-optspace --enable-bionic-libs --enable-libatomic-ifuncs=no --enable-initfini-array --disable-nls --prefix=/tmp/0899942388fbb00fc6ca4802fb5910ae --with-sysroot=/tmp/0899942388fbb00fc6ca4802fb5910ae/sysroot --with-binutils-version=2.25 --with-mpfr-version=3.1.1 --with-mpc-version=1.0.1 --with-gmp-version=5.0.5 --with-gcc-version=4.9 --with-gdb-version=none --with-gxx-include-dir=/tmp/0899942388fbb00fc6ca4802fb5910ae/include/c++/4.9.x --with-bugurl=http://source.android.com/source/report-bugs.html --enable-languages=c,c++ --disable-bootstrap --enable-plugins --enable-libgomp --enable-gnu-indirect-function --disable-libsanitizer --enable-gold --enable-threads --enable-eh-frame-hdr-for-static --enable-graphite=yes --with-isl-version=0.11.1 --with-cloog-version=0.18.0 --with-arch=armv5te --program-transform-name='s&^&arm-linux-androideabi-&' --enable-gold=default
Thread model: posix
gcc version 4.9.x 20150123 (prerelease) (GCC) 
configure:2555: $? = 0
configure:2544: /Users/luciuszhang/development/workspaces/toolchanins/arm-darwin-14/bin/arm-linux-androideabi-gcc -V >&5
arm-linux-androideabi-gcc: error: unrecognized command line option '-V'
arm-linux-androideabi-gcc: fatal error: no input files
compilation terminated.
configure:2555: $? = 1
configure:2544: /Users/luciuszhang/development/workspaces/toolchanins/arm-darwin-14/bin/arm-linux-androideabi-gcc -qversion >&5
arm-linux-androideabi-gcc: error: unrecognized command line option '-qversion'
arm-linux-androideabi-gcc: fatal error: no input files
compilation terminated.
configure:2555: $? = 1
configure:2575: checking whether the C compiler works
configure:2597: /Users/luciuszhang/development/workspaces/toolchanins/arm-darwin-14/bin/arm-linux-androideabi-gcc -I/Users/luciuszhang/development/workspaces/toolchanins/arm-darwin-14/include -L/Users/luciuszhang/development/workspaces/toolchanins/arm-darwin-14/sysroot/usr/include  -L/Users/luciuszhang/development/workspaces/toolchanins/arm-darwin-14/lib -L/Users/luciuszhang/development/workspaces/toolchanins/arm-darwin-14/sysroot/usr/lib conftest.c  >&5
configure:2601: $? = 0
configure:2649: result: yes
configure:2652: checking for C compiler default output file name
configure:2654: result: a.out
configure:2660: checking for suffix of executables
configure:2667: /Users/luciuszhang/development/workspaces/toolchanins/arm-darwin-14/bin/arm-linux-androideabi-gcc -o conftest -I/Users/luciuszhang/development/workspaces/toolchanins/arm-darwin-14/include -L/Users/luciuszhang/development/workspaces/toolchanins/arm-darwin-14/sysroot/usr/include  -L/Users/luciuszhang/development/workspaces/toolchanins/arm-darwin-14/lib -L/Users/luciuszhang/development/workspaces/toolchanins/arm-darwin-14/sysroot/usr/lib conftest.c  >&5
configure:2671: $? = 0
configure:2693: result: 
configure:2715: checking whether we are cross compiling
configure:2753: result: yes
configure:2758: checking for suffix of object files
configure:2780: /Users/luciuszhang/development/workspaces/toolchanins/arm-darwin-14/bin/arm-linux-androideabi-gcc -c -I/Users/luciuszhang/development/workspaces/toolchanins/arm-darwin-14/include -L/Users/luciuszhang/development/workspaces/toolchanins/arm-darwin-14/sysroot/usr/include  conftest.c >&5
configure:2784: $? = 0
configure:2805: result: o
configure:2809: checking whether we are using the GNU C compiler
configure:2828: /Users/luciuszhang/development/workspaces/toolchanins/arm-darwin-14/bin/arm-linux-androideabi-gcc -c -I/Users/luciuszhang/development/workspaces/toolchanins/arm-darwin-14/include -L/Users/luciuszhang/development/workspaces/toolchanins/arm-darwin-14/sysroot/usr/include  conftest.c >&5
configure:2828: $? = 0
configure:2837: result: yes
configure:2846: checking whether /Users/luciuszhang/development/workspaces/toolchanins/arm-darwin-14/bin/arm-linux-androideabi-gcc accepts -g
configure:2866: /Users/luciuszhang/development/workspaces/toolchanins/arm-darwin-14/bin/arm-linux-androideabi-gcc -c -g  conftest.c >&5
configure:2866: $? = 0
configure:2907: result: yes
configure:2924: checking for /Users/luciuszhang/development/workspaces/toolchanins/arm-darwin-14/bin/arm-linux-androideabi-gcc option to accept ISO C89
configure:2987: /Users/luciuszhang/development/workspaces/toolchanins/arm-darwin-14/bin/arm-linux-androideabi-gcc  -c -I/Users/luciuszhang/development/workspaces/toolchanins/arm-darwin-14/include -L/Users/luciuszhang/development/workspaces/toolchanins/arm-darwin-14/sysroot/usr/include  conftest.c >&5
configure:2987: $? = 0
configure:3000: result: none needed
configure:3025: checking how to run the C preprocessor
configure:3056: /Users/luciuszhang/development/workspaces/toolchanins/arm-darwin-14/bin/arm-linux-androideabi-gcc -E  conftest.c
configure:3056: $? = 0
configure:3070: /Users/luciuszhang/development/workspaces/toolchanins/arm-darwin-14/bin/arm-linux-androideabi-gcc -E  conftest.c
conftest.c:9:28: fatal error: ac_nonexistent.h: No such file or directory
 #include <ac_nonexistent.h>
                            ^
compilation terminated.
configure:3070: $? = 1
configure: failed program was:
| /* confdefs.h */
| #define PACKAGE_NAME "libiconv"
| #define PACKAGE_TARNAME "libiconv"
| #define PACKAGE_VERSION "0"
| #define PACKAGE_STRING "libiconv 0"
| #define PACKAGE_BUGREPORT ""
| #define PACKAGE_URL ""
| /* end confdefs.h.  */
| #include <ac_nonexistent.h>
configure:3095: result: /Users/luciuszhang/development/workspaces/toolchanins/arm-darwin-14/bin/arm-linux-androideabi-gcc -E
configure:3115: /Users/luciuszhang/development/workspaces/toolchanins/arm-darwin-14/bin/arm-linux-androideabi-gcc -E  conftest.c
configure:3115: $? = 0
configure:3129: /Users/luciuszhang/development/workspaces/toolchanins/arm-darwin-14/bin/arm-linux-androideabi-gcc -E  conftest.c
conftest.c:9:28: fatal error: ac_nonexistent.h: No such file or directory
 #include <ac_nonexistent.h>
                            ^
compilation terminated.
configure:3129: $? = 1
configure: failed program was:
| /* confdefs.h */
| #define PACKAGE_NAME "libiconv"
| #define PACKAGE_TARNAME "libiconv"
| #define PACKAGE_VERSION "0"
| #define PACKAGE_STRING "libiconv 0"
| #define PACKAGE_BUGREPORT ""
| #define PACKAGE_URL ""
| /* end confdefs.h.  */
| #include <ac_nonexistent.h>
configure:3171: checking for a BSD-compatible install
configure:3239: result: /usr/bin/install -c
configure:3256: checking build system type
configure:3270: result: arm-unknown-linux-gnu
configure:3290: checking host system type
configure:3303: result: arm-unknown-linux-androideabi
configure:3326: checking whether to activate relocatable installation
configure:3341: result: no
configure:3367: checking whether ln -s works
configure:3371: result: yes
configure:3382: checking for grep that handles long lines and -e
configure:3440: result: /usr/bin/grep
configure:3445: checking for egrep
configure:3507: result: /usr/bin/grep -E
configure:3512: checking for ANSI C header files
configure:3532: /Users/luciuszhang/development/workspaces/toolchanins/arm-darwin-14/bin/arm-linux-androideabi-gcc -c -I/Users/luciuszhang/development/workspaces/toolchanins/arm-darwin-14/include -L/Users/luciuszhang/development/workspaces/toolchanins/arm-darwin-14/sysroot/usr/include  conftest.c >&5
configure:3532: $? = 0
configure:3616: result: yes
configure:3629: checking for sys/types.h
configure:3629: /Users/luciuszhang/development/workspaces/toolchanins/arm-darwin-14/bin/arm-linux-androideabi-gcc -c -I/Users/luciuszhang/development/workspaces/toolchanins/arm-darwin-14/include -L/Users/luciuszhang/development/workspaces/toolchanins/arm-darwin-14/sysroot/usr/include  conftest.c >&5
configure:3629: $? = 0
configure:3629: result: yes
configure:3629: checking for sys/stat.h
configure:3629: /Users/luciuszhang/development/workspaces/toolchanins/arm-darwin-14/bin/arm-linux-androideabi-gcc -c -I/Users/luciuszhang/development/workspaces/toolchanins/arm-darwin-14/include -L/Users/luciuszhang/development/workspaces/toolchanins/arm-darwin-14/sysroot/usr/include  conftest.c >&5
configure:3629: $? = 0
configure:3629: result: yes
configure:3629: checking for stdlib.h
configure:3629: /Users/luciuszhang/development/workspaces/toolchanins/arm-darwin-14/bin/arm-linux-androideabi-gcc -c -I/Users/luciuszhang/development/workspaces/toolchanins/arm-darwin-14/include -L/Users/luciuszhang/development/workspaces/toolchanins/arm-darwin-14/sysroot/usr/include  conftest.c >&5
configure:3629: $? = 0
configure:3629: result: yes
configure:3629: checking for string.h
configure:3629: /Users/luciuszhang/development/workspaces/toolchanins/arm-darwin-14/bin/arm-linux-androideabi-gcc -c -I/Users/luciuszhang/development/workspaces/toolchanins/arm-darwin-14/include -L/Users/luciuszhang/development/workspaces/toolchanins/arm-darwin-14/sysroot/usr/include  conftest.c >&5
configure:3629: $? = 0
configure:3629: result: yes
configure:3629: checking for memory.h
configure:3629: /Users/luciuszhang/development/workspaces/toolchanins/arm-darwin-14/bin/arm-linux-androideabi-gcc -c -I/Users/luciuszhang/development/workspaces/toolchanins/arm-darwin-14/include -L/Users/luciuszhang/development/workspaces/toolchanins/arm-darwin-14/sysroot/usr/include  conftest.c >&5
configure:3629: $? = 0
configure:3629: result: yes
configure:3629: checking for strings.h
configure:3629: /Users/luciuszhang/development/workspaces/toolchanins/arm-darwin-14/bin/arm-linux-androideabi-gcc -c -I/Users/luciuszhang/development/workspaces/toolchanins/arm-darwin-14/include -L/Users/luciuszhang/development/workspaces/toolchanins/arm-darwin-14/sysroot/usr/include  conftest.c >&5
configure:3629: $? = 0
configure:3629: result: yes
configure:3629: checking for inttypes.h
configure:3629: /Users/luciuszhang/development/workspaces/toolchanins/arm-darwin-14/bin/arm-linux-androideabi-gcc -c -I/Users/luciuszhang/development/workspaces/toolchanins/arm-darwin-14/include -L/Users/luciuszhang/development/workspaces/toolchanins/arm-darwin-14/sysroot/usr/include  conftest.c >&5
configure:3629: $? = 0
configure:3629: result: yes
configure:3629: checking for stdint.h
configure:3629: /Users/luciuszhang/development/workspaces/toolchanins/arm-darwin-14/bin/arm-linux-androideabi-gcc -c -I/Users/luciuszhang/development/workspaces/toolchanins/arm-darwin-14/include -L/Users/luciuszhang/development/workspaces/toolchanins/arm-darwin-14/sysroot/usr/include  conftest.c >&5
configure:3629: $? = 0
configure:3629: result: yes
configure:3629: checking for unistd.h
configure:3629: /Users/luciuszhang/development/workspaces/toolchanins/arm-darwin-14/bin/arm-linux-androideabi-gcc -c -I/Users/luciuszhang/development/workspaces/toolchanins/arm-darwin-14/include -L/Users/luciuszhang/development/workspaces/toolchanins/arm-darwin-14/sysroot/usr/include  conftest.c >&5
configure:3629: $? = 0
configure:3629: result: yes
configure:3642: checking minix/config.h usability
configure:3642: /Users/luciuszhang/development/workspaces/toolchanins/arm-darwin-14/bin/arm-linux-androideabi-gcc -c -I/Users/luciuszhang/development/workspaces/toolchanins/arm-darwin-14/include -L/Users/luciuszhang/development/workspaces/toolchanins/arm-darwin-14/sysroot/usr/include  conftest.c >&5
conftest.c:53:26: fatal error: minix/config.h: No such file or directory
 #include <minix/config.h>
                          ^
compilation terminated.
configure:3642: $? = 1
configure: failed program was:
| /* confdefs.h */
| #define PACKAGE_NAME "libiconv"
| #define PACKAGE_TARNAME "libiconv"
| #define PACKAGE_VERSION "0"
| #define PACKAGE_STRING "libiconv 0"
| #define PACKAGE_BUGREPORT ""
| #define PACKAGE_URL ""
| #define INSTALLPREFIX "/Users/luciuszhang/development/workspaces/android/QuickCode/IntQRDeocder/NativeLibraries/iconv"
| #define STDC_HEADERS 1
| #define HAVE_SYS_TYPES_H 1
| #define HAVE_SYS_STAT_H 1
| #define HAVE_STDLIB_H 1
| #define HAVE_STRING_H 1
| #define HAVE_MEMORY_H 1
| #define HAVE_STRINGS_H 1
| #define HAVE_INTTYPES_H 1
| #define HAVE_STDINT_H 1
| #define HAVE_UNISTD_H 1
| /* end confdefs.h.  */
| #include <stdio.h>
| #ifdef HAVE_SYS_TYPES_H
| # include <sys/types.h>
| #endif
| #ifdef HAVE_SYS_STAT_H
| # include <sys/stat.h>
| #endif
| #ifdef STDC_HEADERS
| # include <stdlib.h>
| # include <stddef.h>
| #else
| # ifdef HAVE_STDLIB_H
| #  include <stdlib.h>
| # endif
| #endif
| #ifdef HAVE_STRING_H
| # if !defined STDC_HEADERS && defined HAVE_MEMORY_H
| #  include <memory.h>
| # endif
| # include <string.h>
| #endif
| #ifdef HAVE_STRINGS_H
| # include <strings.h>
| #endif
| #ifdef HAVE_INTTYPES_H
| # include <inttypes.h>
| #endif
| #ifdef HAVE_STDINT_H
| # include <stdint.h>
| #endif
| #ifdef HAVE_UNISTD_H
| # include <unistd.h>
| #endif
| #include <minix/config.h>
configure:3642: result: no
configure:3642: checking minix/config.h presence
configure:3642: /Users/luciuszhang/development/workspaces/toolchanins/arm-darwin-14/bin/arm-linux-androideabi-gcc -E  conftest.c
conftest.c:20:26: fatal error: minix/config.h: No such file or directory
 #include <minix/config.h>
                          ^
compilation terminated.
configure:3642: $? = 1
configure: failed program was:
| /* confdefs.h */
| #define PACKAGE_NAME "libiconv"
| #define PACKAGE_TARNAME "libiconv"
| #define PACKAGE_VERSION "0"
| #define PACKAGE_STRING "libiconv 0"
| #define PACKAGE_BUGREPORT ""
| #define PACKAGE_URL ""
| #define INSTALLPREFIX "/Users/luciuszhang/development/workspaces/android/QuickCode/IntQRDeocder/NativeLibraries/iconv"
| #define STDC_HEADERS 1
| #define HAVE_SYS_TYPES_H 1
| #define HAVE_SYS_STAT_H 1
| #define HAVE_STDLIB_H 1
| #define HAVE_STRING_H 1
| #define HAVE_MEMORY_H 1
| #define HAVE_STRINGS_H 1
| #define HAVE_INTTYPES_H 1
| #define HAVE_STDINT_H 1
| #define HAVE_UNISTD_H 1
| /* end confdefs.h.  */
| #include <minix/config.h>
configure:3642: result: no
configure:3642: checking for minix/config.h
configure:3642: result: no
configure:3666: checking whether it is safe to define __EXTENSIONS__
configure:3684: /Users/luciuszhang/development/workspaces/toolchanins/arm-darwin-14/bin/arm-linux-androideabi-gcc -c -I/Users/luciuszhang/development/workspaces/toolchanins/arm-darwin-14/include -L/Users/luciuszhang/development/workspaces/toolchanins/arm-darwin-14/sysroot/usr/include  conftest.c >&5
configure:3684: $? = 0
configure:3691: result: yes
configure:3720: checking whether _XOPEN_SOURCE should be defined
configure:3739: /Users/luciuszhang/development/workspaces/toolchanins/arm-darwin-14/bin/arm-linux-androideabi-gcc -c -I/Users/luciuszhang/development/workspaces/toolchanins/arm-darwin-14/include -L/Users/luciuszhang/development/workspaces/toolchanins/arm-darwin-14/sysroot/usr/include  conftest.c >&5
configure:3739: $? = 0
configure:3763: result: no
configure:3823: checking how to print strings
configure:3850: result: printf
configure:3871: checking for a sed that does not truncate output
configure:3935: result: /usr/bin/sed
configure:3953: checking for fgrep
configure:4015: result: /usr/bin/grep -F
configure:4050: checking for ld used by /Users/luciuszhang/development/workspaces/toolchanins/arm-darwin-14/bin/arm-linux-androideabi-gcc
configure:4117: result: /Users/luciuszhang/development/workspaces/toolchanins/arm-darwin-14/arm-linux-androideabi/bin/ld
configure:4124: checking if the linker (/Users/luciuszhang/development/workspaces/toolchanins/arm-darwin-14/arm-linux-androideabi/bin/ld) is GNU ld
configure:4139: result: yes
configure:4151: checking for BSD- or MS-compatible name lister (nm)
configure:4205: result: no
configure:4219: checking for arm-linux-androideabi-dumpbin
configure:4249: result: no
configure:4219: checking for arm-linux-androideabi-link
configure:4249: result: no
configure:4263: checking for dumpbin
configure:4293: result: no
configure:4263: checking for link
configure:4279: found /bin/link
configure:4290: result: link -dump
configure:4306: WARNING: using cross tools not prefixed with host triplet
configure:4335: checking the name lister (nm) interface
configure:4342: /Users/luciuszhang/development/workspaces/toolchanins/arm-darwin-14/bin/arm-linux-androideabi-gcc -c -I/Users/luciuszhang/development/workspaces/toolchanins/arm-darwin-14/include -L/Users/luciuszhang/development/workspaces/toolchanins/arm-darwin-14/sysroot/usr/include  conftest.c >&5
configure:4345: nm "conftest.o"
configure:4348: output
00000000 B some_variable
configure:4355: result: BSD nm
configure:4359: checking the maximum length of command line arguments
configure:4490: result: 196608
configure:4538: checking how to convert arm-unknown-linux-gnu file names to arm-unknown-linux-androideabi format
configure:4578: result: func_convert_file_noop
configure:4585: checking how to convert arm-unknown-linux-gnu file names to toolchain format
configure:4605: result: func_convert_file_noop
configure:4612: checking for /Users/luciuszhang/development/workspaces/toolchanins/arm-darwin-14/arm-linux-androideabi/bin/ld option to reload object files
configure:4619: result: -r
configure:4653: checking for arm-linux-androideabi-objdump
configure:4683: result: no
configure:4693: checking for objdump
configure:4709: found /usr/bin/objdump
configure:4720: result: objdump
configure:4749: checking how to recognize dependent libraries
configure:4949: result: pass_all
configure:4994: checking for arm-linux-androideabi-dlltool
configure:5024: result: no
configure:5034: checking for dlltool
configure:5064: result: no
configure:5091: checking how to associate runtime and link libraries
configure:5118: result: printf %s\n
configure:5134: checking for arm-linux-androideabi-ar
configure:5161: result: /Users/luciuszhang/development/workspaces/toolchanins/arm-darwin-14/bin/arm-linux-androideabi-ar
configure:5242: checking for archiver @FILE support
configure:5259: /Users/luciuszhang/development/workspaces/toolchanins/arm-darwin-14/bin/arm-linux-androideabi-gcc -c -I/Users/luciuszhang/development/workspaces/toolchanins/arm-darwin-14/include -L/Users/luciuszhang/development/workspaces/toolchanins/arm-darwin-14/sysroot/usr/include  conftest.c >&5
configure:5259: $? = 0
configure:5262: /Users/luciuszhang/development/workspaces/toolchanins/arm-darwin-14/bin/arm-linux-androideabi-ar cru libconftest.a @conftest.lst >&5
configure:5265: $? = 0
configure:5270: /Users/luciuszhang/development/workspaces/toolchanins/arm-darwin-14/bin/arm-linux-androideabi-ar cru libconftest.a @conftest.lst >&5
/Users/luciuszhang/development/workspaces/toolchanins/arm-darwin-14/bin/arm-linux-androideabi-ar: conftest.o: No such file or directory
configure:5273: $? = 1
configure:5285: result: @
configure:5303: checking for arm-linux-androideabi-strip
configure:5330: result: /Users/luciuszhang/development/workspaces/toolchanins/arm-darwin-14/bin/arm-linux-androideabi-strip
configure:5402: checking for arm-linux-androideabi-ranlib
configure:5429: result: /Users/luciuszhang/development/workspaces/toolchanins/arm-darwin-14/bin/arm-linux-androideabi-ranlib
configure:5546: checking for gawk
configure:5576: result: no
configure:5546: checking for mawk
configure:5576: result: no
configure:5546: checking for nawk
configure:5576: result: no
configure:5546: checking for awk
configure:5562: found /usr/bin/awk
configure:5573: result: awk
configure:5613: checking command to parse nm output from /Users/luciuszhang/development/workspaces/toolchanins/arm-darwin-14/bin/arm-linux-androideabi-gcc object
configure:5766: /Users/luciuszhang/development/workspaces/toolchanins/arm-darwin-14/bin/arm-linux-androideabi-gcc -c -I/Users/luciuszhang/development/workspaces/toolchanins/arm-darwin-14/include -L/Users/luciuszhang/development/workspaces/toolchanins/arm-darwin-14/sysroot/usr/include  conftest.c >&5
configure:5769: $? = 0
configure:5773: nm conftest.o \| sed -n -e 's/^.*[ ]\([BCDEGRST][BCDEGRST]*\)[ ][ ]*\([_A-Za-z][_A-Za-z0-9]*\)$/\1 \2 \2/p' | sed '/ __gnu_lto/d' \> conftest.nm
configure:5776: $? = 0
configure:5842: /Users/luciuszhang/development/workspaces/toolchanins/arm-darwin-14/bin/arm-linux-androideabi-gcc -o conftest -I/Users/luciuszhang/development/workspaces/toolchanins/arm-darwin-14/include -L/Users/luciuszhang/development/workspaces/toolchanins/arm-darwin-14/sysroot/usr/include  -L/Users/luciuszhang/development/workspaces/toolchanins/arm-darwin-14/lib -L/Users/luciuszhang/development/workspaces/toolchanins/arm-darwin-14/sysroot/usr/lib conftest.c conftstm.o >&5
configure:5845: $? = 0
configure:5883: result: ok
configure:5930: checking for sysroot
configure:5960: result: /Users/luciuszhang/development/workspaces/toolchanins/arm-darwin-14/sysroot
configure:5967: checking for a working dd
configure:6005: result: /bin/dd
configure:6009: checking how to truncate binary pipes
configure:6024: result: /bin/dd bs=4096 count=1
configure:6313: checking for arm-linux-androideabi-mt
configure:6343: result: no
configure:6353: checking for mt
configure:6383: result: no
configure:6403: checking if : is a manifest tool
configure:6409: : '-?'
configure:6417: result: no
configure:7091: checking for dlfcn.h
configure:7091: /Users/luciuszhang/development/workspaces/toolchanins/arm-darwin-14/bin/arm-linux-androideabi-gcc -c -I/Users/luciuszhang/development/workspaces/toolchanins/arm-darwin-14/include -L/Users/luciuszhang/development/workspaces/toolchanins/arm-darwin-14/sysroot/usr/include  conftest.c >&5
configure:7091: $? = 0
configure:7091: result: yes
configure:7645: checking for objdir
configure:7660: result: .libs
configure:7924: checking if /Users/luciuszhang/development/workspaces/toolchanins/arm-darwin-14/bin/arm-linux-androideabi-gcc supports -fno-rtti -fno-exceptions
configure:7942: /Users/luciuszhang/development/workspaces/toolchanins/arm-darwin-14/bin/arm-linux-androideabi-gcc -c -I/Users/luciuszhang/development/workspaces/toolchanins/arm-darwin-14/include -L/Users/luciuszhang/development/workspaces/toolchanins/arm-darwin-14/sysroot/usr/include  -fno-rtti -fno-exceptions conftest.c >&5
cc1: warning: command line option '-fno-rtti' is valid for C++/ObjC++ but not for C
configure:7946: $? = 0
configure:7959: result: no
configure:8317: checking for /Users/luciuszhang/development/workspaces/toolchanins/arm-darwin-14/bin/arm-linux-androideabi-gcc option to produce PIC
configure:8324: result: -fPIC -DPIC
configure:8332: checking if /Users/luciuszhang/development/workspaces/toolchanins/arm-darwin-14/bin/arm-linux-androideabi-gcc PIC flag -fPIC -DPIC works
configure:8350: /Users/luciuszhang/development/workspaces/toolchanins/arm-darwin-14/bin/arm-linux-androideabi-gcc -c -I/Users/luciuszhang/development/workspaces/toolchanins/arm-darwin-14/include -L/Users/luciuszhang/development/workspaces/toolchanins/arm-darwin-14/sysroot/usr/include  -fPIC -DPIC -DPIC conftest.c >&5
configure:8354: $? = 0
configure:8367: result: yes
configure:8396: checking if /Users/luciuszhang/development/workspaces/toolchanins/arm-darwin-14/bin/arm-linux-androideabi-gcc static flag -static works
configure:8424: result: yes
configure:8439: checking if /Users/luciuszhang/development/workspaces/toolchanins/arm-darwin-14/bin/arm-linux-androideabi-gcc supports -c -o file.o
configure:8460: /Users/luciuszhang/development/workspaces/toolchanins/arm-darwin-14/bin/arm-linux-androideabi-gcc -c -I/Users/luciuszhang/development/workspaces/toolchanins/arm-darwin-14/include -L/Users/luciuszhang/development/workspaces/toolchanins/arm-darwin-14/sysroot/usr/include  -o out/conftest2.o conftest.c >&5
configure:8464: $? = 0
configure:8486: result: yes
configure:8494: checking if /Users/luciuszhang/development/workspaces/toolchanins/arm-darwin-14/bin/arm-linux-androideabi-gcc supports -c -o file.o
configure:8541: result: yes
configure:8574: checking whether the /Users/luciuszhang/development/workspaces/toolchanins/arm-darwin-14/bin/arm-linux-androideabi-gcc linker (/Users/luciuszhang/development/workspaces/toolchanins/arm-darwin-14/arm-linux-androideabi/bin/ld) supports shared libraries
configure:9833: result: yes
configure:9870: checking whether -lc should be explicitly linked in
configure:9878: /Users/luciuszhang/development/workspaces/toolchanins/arm-darwin-14/bin/arm-linux-androideabi-gcc -c -I/Users/luciuszhang/development/workspaces/toolchanins/arm-darwin-14/include -L/Users/luciuszhang/development/workspaces/toolchanins/arm-darwin-14/sysroot/usr/include  conftest.c >&5
configure:9881: $? = 0
configure:9896: /Users/luciuszhang/development/workspaces/toolchanins/arm-darwin-14/bin/arm-linux-androideabi-gcc -shared  -fPIC -DPIC conftest.o  -v -Wl,-soname -Wl,conftest -o conftest 2\>\&1 \| /usr/bin/grep  -lc  \>/dev/null 2\>\&1
configure:9899: $? = 0
configure:9913: result: no
configure:10073: checking dynamic linker characteristics
configure:10891: result: Android linker
configure:11013: checking how to hardcode library paths into programs
configure:11038: result: immediate
configure:11586: checking whether stripping libraries is possible
configure:11591: result: yes
configure:11626: checking if libtool supports shared libraries
configure:11628: result: yes
configure:11631: checking whether to build shared libraries
configure:11656: result: yes
configure:11659: checking whether to build static libraries
configure:11663: result: no
configure:11705: checking whether the -Werror option is usable
configure:11724: /Users/luciuszhang/development/workspaces/toolchanins/arm-darwin-14/bin/arm-linux-androideabi-gcc -c -I/Users/luciuszhang/development/workspaces/toolchanins/arm-darwin-14/include -L/Users/luciuszhang/development/workspaces/toolchanins/arm-darwin-14/sysroot/usr/include -Werror  conftest.c >&5
configure:11724: $? = 0
configure:11733: result: yes
configure:11735: checking for simple visibility declarations
configure:11762: /Users/luciuszhang/development/workspaces/toolchanins/arm-darwin-14/bin/arm-linux-androideabi-gcc -c -I/Users/luciuszhang/development/workspaces/toolchanins/arm-darwin-14/include -L/Users/luciuszhang/development/workspaces/toolchanins/arm-darwin-14/sysroot/usr/include -fvisibility=hidden -Werror  conftest.c >&5
configure:11762: $? = 0
configure:11771: result: yes
configure:11948: creating ./config.status

## ---------------------- ##
## Running config.status. ##
## ---------------------- ##

This file was extended by libiconv config.status 0, which was
generated by GNU Autoconf 2.69.  Invocation command line was

  CONFIG_FILES    = 
  CONFIG_HEADERS  = 
  CONFIG_LINKS    = 
  CONFIG_COMMANDS = 
  $ ./config.status 

on Lucius-mbp.local

config.status:981: creating Makefile
config.status:1147: executing libtool commands

## ---------------- ##
## Cache variables. ##
## ---------------- ##

ac_cv_build=arm-unknown-linux-gnu
ac_cv_c_compiler_gnu=yes
ac_cv_env_CC_set=set
ac_cv_env_CC_value=/Users/luciuszhang/development/workspaces/toolchanins/arm-darwin-14/bin/arm-linux-androideabi-gcc
ac_cv_env_CFLAGS_set=set
ac_cv_env_CFLAGS_value='-I/Users/luciuszhang/development/workspaces/toolchanins/arm-darwin-14/include -L/Users/luciuszhang/development/workspaces/toolchanins/arm-darwin-14/sysroot/usr/include'
ac_cv_env_CPPFLAGS_set=
ac_cv_env_CPPFLAGS_value=
ac_cv_env_CPP_set=
ac_cv_env_CPP_value=
ac_cv_env_LDFLAGS_set=set
ac_cv_env_LDFLAGS_value='-L/Users/luciuszhang/development/workspaces/toolchanins/arm-darwin-14/lib -L/Users/luciuszhang/development/workspaces/toolchanins/arm-darwin-14/sysroot/usr/lib'
ac_cv_env_LIBS_set=
ac_cv_env_LIBS_value=
ac_cv_env_LT_SYS_LIBRARY_PATH_set=
ac_cv_env_LT_SYS_LIBRARY_PATH_value=
ac_cv_env_build_alias_set=set
ac_cv_env_build_alias_value=arm-linux
ac_cv_env_host_alias_set=set
ac_cv_env_host_alias_value=arm-linux-androideabi
ac_cv_env_target_alias_set=
ac_cv_env_target_alias_value=
ac_cv_header_dlfcn_h=yes
ac_cv_header_inttypes_h=yes
ac_cv_header_memory_h=yes
ac_cv_header_minix_config_h=no
ac_cv_header_stdc=yes
ac_cv_header_stdint_h=yes
ac_cv_header_stdlib_h=yes
ac_cv_header_string_h=yes
ac_cv_header_strings_h=yes
ac_cv_header_sys_stat_h=yes
ac_cv_header_sys_types_h=yes
ac_cv_header_unistd_h=yes
ac_cv_host=arm-unknown-linux-androideabi
ac_cv_objext=o
ac_cv_path_EGREP='/usr/bin/grep -E'
ac_cv_path_FGREP='/usr/bin/grep -F'
ac_cv_path_GREP=/usr/bin/grep
ac_cv_path_SED=/usr/bin/sed
ac_cv_path_install='/usr/bin/install -c'
ac_cv_path_lt_DD=/bin/dd
ac_cv_prog_AR=/Users/luciuszhang/development/workspaces/toolchanins/arm-darwin-14/bin/arm-linux-androideabi-ar
ac_cv_prog_AWK=awk
ac_cv_prog_CC=/Users/luciuszhang/development/workspaces/toolchanins/arm-darwin-14/bin/arm-linux-androideabi-gcc
ac_cv_prog_CPP='/Users/luciuszhang/development/workspaces/toolchanins/arm-darwin-14/bin/arm-linux-androideabi-gcc -E'
ac_cv_prog_RANLIB=/Users/luciuszhang/development/workspaces/toolchanins/arm-darwin-14/bin/arm-linux-androideabi-ranlib
ac_cv_prog_STRIP=/Users/luciuszhang/development/workspaces/toolchanins/arm-darwin-14/bin/arm-linux-androideabi-strip
ac_cv_prog_ac_ct_DUMPBIN='link -dump'
ac_cv_prog_ac_ct_OBJDUMP=objdump
ac_cv_prog_cc_c89=
ac_cv_prog_cc_g=yes
ac_cv_prog_make_make_set=yes
ac_cv_safe_to_define___extensions__=yes
ac_cv_should_define__xopen_source=no
gl_cv_cc_vis_werror=yes
gl_cv_cc_visibility=yes
lt_cv_ar_at_file=@
lt_cv_archive_cmds_need_lc=no
lt_cv_deplibs_check_method=pass_all
lt_cv_file_magic_cmd='$MAGIC_CMD'
lt_cv_file_magic_test_file=
lt_cv_ld_reload_flag=-r
lt_cv_nm_interface='BSD nm'
lt_cv_objdir=.libs
lt_cv_path_LD=/Users/luciuszhang/development/workspaces/toolchanins/arm-darwin-14/arm-linux-androideabi/bin/ld
lt_cv_path_NM=no
lt_cv_path_mainfest_tool=no
lt_cv_prog_compiler_c_o=yes
lt_cv_prog_compiler_pic='-fPIC -DPIC'
lt_cv_prog_compiler_pic_works=yes
lt_cv_prog_compiler_rtti_exceptions=no
lt_cv_prog_compiler_static_works=yes
lt_cv_prog_gnu_ld=yes
lt_cv_sharedlib_from_linklib_cmd='printf %s\n'
lt_cv_sys_global_symbol_pipe='sed -n -e '\''s/^.*[	 ]\([BCDEGRST][BCDEGRST]*\)[	 ][	 ]*\([_A-Za-z][_A-Za-z0-9]*\)$/\1 \2 \2/p'\'' | sed '\''/ __gnu_lto/d'\'''
lt_cv_sys_global_symbol_to_c_name_address='sed -n -e '\''s/^: \(.*\) .*$/  {"\1", (void *) 0},/p'\'' -e '\''s/^[BCDEGRST][BCDEGRST]* .* \(.*\)$/  {"\1", (void *) \&\1},/p'\'''
lt_cv_sys_global_symbol_to_c_name_address_lib_prefix='sed -n -e '\''s/^: \(.*\) .*$/  {"\1", (void *) 0},/p'\'' -e '\''s/^[BCDEGRST][BCDEGRST]* .* \(lib.*\)$/  {"\1", (void *) \&\1},/p'\'' -e '\''s/^[BCDEGRST][BCDEGRST]* .* \(.*\)$/  {"lib\1", (void *) \&\1},/p'\'''
lt_cv_sys_global_symbol_to_cdecl='sed -n -e '\''s/^T .* \(.*\)$/extern int \1();/p'\'' -e '\''s/^[BCDEGRST][BCDEGRST]* .* \(.*\)$/extern char \1;/p'\'''
lt_cv_sys_global_symbol_to_import=
lt_cv_sys_max_cmd_len=196608
lt_cv_to_host_file_cmd=func_convert_file_noop
lt_cv_to_tool_file_cmd=func_convert_file_noop
lt_cv_truncate_bin='/bin/dd bs=4096 count=1'

## ----------------- ##
## Output variables. ##
## ----------------- ##

AR='/Users/luciuszhang/development/workspaces/toolchanins/arm-darwin-14/bin/arm-linux-androideabi-ar'
AS='as'
AWK='awk'
CC='/Users/luciuszhang/development/workspaces/toolchanins/arm-darwin-14/bin/arm-linux-androideabi-gcc'
CFLAGS='-I/Users/luciuszhang/development/workspaces/toolchanins/arm-darwin-14/include -L/Users/luciuszhang/development/workspaces/toolchanins/arm-darwin-14/sysroot/usr/include'
CFLAG_VISIBILITY='-fvisibility=hidden'
CPP='/Users/luciuszhang/development/workspaces/toolchanins/arm-darwin-14/bin/arm-linux-androideabi-gcc -E'
CPPFLAGS=''
DEFS='-DPACKAGE_NAME=\"libiconv\" -DPACKAGE_TARNAME=\"libiconv\" -DPACKAGE_VERSION=\"0\" -DPACKAGE_STRING=\"libiconv\ 0\" -DPACKAGE_BUGREPORT=\"\" -DPACKAGE_URL=\"\" -DINSTALLPREFIX=\"/Users/luciuszhang/development/workspaces/android/QuickCode/IntQRDeocder/NativeLibraries/iconv\" -DSTDC_HEADERS=1 -DHAVE_SYS_TYPES_H=1 -DHAVE_SYS_STAT_H=1 -DHAVE_STDLIB_H=1 -DHAVE_STRING_H=1 -DHAVE_MEMORY_H=1 -DHAVE_STRINGS_H=1 -DHAVE_INTTYPES_H=1 -DHAVE_STDINT_H=1 -DHAVE_UNISTD_H=1 -D__EXTENSIONS__=1 -D_ALL_SOURCE=1 -D_DARWIN_C_SOURCE=1 -D_GNU_SOURCE=1 -D_POSIX_PTHREAD_SEMANTICS=1 -D__STDC_WANT_IEC_60559_ATTRIBS_EXT__=1 -D__STDC_WANT_IEC_60559_BFP_EXT__=1 -D__STDC_WANT_IEC_60559_DFP_EXT__=1 -D__STDC_WANT_IEC_60559_FUNCS_EXT__=1 -D__STDC_WANT_IEC_60559_TYPES_EXT__=1 -D__STDC_WANT_LIB_EXT2__=1 -D__STDC_WANT_MATH_SPEC_FUNCS__=1 -D_TANDEM_SOURCE=1 -DHAVE_DLFCN_H=1 -DLT_OBJDIR=\".libs/\" -DHAVE_VISIBILITY=1'
DLLTOOL='false'
DSYMUTIL=''
DUMPBIN=':'
ECHO_C='\c'
ECHO_N=''
ECHO_T=''
EGREP='/usr/bin/grep -E'
EXEEXT=''
FGREP='/usr/bin/grep -F'
GREP='/usr/bin/grep'
HAVE_VISIBILITY='1'
INSTALL_DATA='${INSTALL} -m 644'
INSTALL_PROGRAM='${INSTALL}'
INSTALL_SCRIPT='${INSTALL}'
LD='/Users/luciuszhang/development/workspaces/toolchanins/arm-darwin-14/arm-linux-androideabi/bin/ld'
LDFLAGS='-L/Users/luciuszhang/development/workspaces/toolchanins/arm-darwin-14/lib -L/Users/luciuszhang/development/workspaces/toolchanins/arm-darwin-14/sysroot/usr/lib'
LIBOBJS=''
LIBS=''
LIBTOOL='/bin/sh $(top_builddir)/libtool'
LIPO=''
LN_S='ln -s'
LTLIBOBJS=''
LT_SYS_LIBRARY_PATH=''
MANIFEST_TOOL=':'
NM='nm'
NMEDIT=''
OBJDUMP='objdump'
OBJEXT='o'
OTOOL64=''
OTOOL=''
PACKAGE_BUGREPORT=''
PACKAGE_NAME='libiconv'
PACKAGE_STRING='libiconv 0'
PACKAGE_TARNAME='libiconv'
PACKAGE_URL=''
PACKAGE_VERSION='0'
PATH_SEPARATOR=':'
PLUGLIB='preloadable_libiconv.so'
RANLIB='/Users/luciuszhang/development/workspaces/toolchanins/arm-darwin-14/bin/arm-linux-androideabi-ranlib'
RELOCATABLE='no'
SED='/usr/bin/sed'
SET_MAKE=''
SHELL='/bin/sh'
STRIP='/Users/luciuszhang/development/workspaces/toolchanins/arm-darwin-14/bin/arm-linux-androideabi-strip'
ac_ct_AR=''
ac_ct_CC=''
ac_ct_DUMPBIN='link -dump'
bindir='${exec_prefix}/bin'
build='arm-unknown-linux-gnu'
build_alias='arm-linux'
build_cpu='arm'
build_os='linux-gnu'
build_vendor='unknown'
datadir='${datarootdir}'
datarootdir='${prefix}/share'
docdir='${datarootdir}/doc/${PACKAGE_TARNAME}'
dvidir='${docdir}'
exec_prefix='${prefix}'
host='arm-unknown-linux-androideabi'
host_alias='arm-linux-androideabi'
host_cpu='arm'
host_os='linux-androideabi'
host_vendor='unknown'
htmldir='${docdir}'
includedir='${prefix}/include'
infodir='${datarootdir}/info'
libdir='${exec_prefix}/lib'
libexecdir='${exec_prefix}/libexec'
localedir='${datarootdir}/locale'
localstatedir='${prefix}/var'
mandir='${datarootdir}/man'
oldincludedir='/usr/include'
pdfdir='${docdir}'
prefix='/Users/luciuszhang/development/workspaces/android/QuickCode/IntQRDeocder/NativeLibraries/iconv'
program_transform_name='s,x,x,'
psdir='${docdir}'
sbindir='${exec_prefix}/sbin'
sharedstatedir='${prefix}/com'
sysconfdir='${prefix}/etc'
target_alias=''

## ----------- ##
## confdefs.h. ##
## ----------- ##

/* confdefs.h */
#define PACKAGE_NAME "libiconv"
#define PACKAGE_TARNAME "libiconv"
#define PACKAGE_VERSION "0"
#define PACKAGE_STRING "libiconv 0"
#define PACKAGE_BUGREPORT ""
#define PACKAGE_URL ""
#define INSTALLPREFIX "/Users/luciuszhang/development/workspaces/android/QuickCode/IntQRDeocder/NativeLibraries/iconv"
#define STDC_HEADERS 1
#define HAVE_SYS_TYPES_H 1
#define HAVE_SYS_STAT_H 1
#define HAVE_STDLIB_H 1
#define HAVE_STRING_H 1
#define HAVE_MEMORY_H 1
#define HAVE_STRINGS_H 1
#define HAVE_INTTYPES_H 1
#define HAVE_STDINT_H 1
#define HAVE_UNISTD_H 1
#define __EXTENSIONS__ 1
#define _ALL_SOURCE 1
#define _DARWIN_C_SOURCE 1
#define _GNU_SOURCE 1
#define _POSIX_PTHREAD_SEMANTICS 1
#define __STDC_WANT_IEC_60559_ATTRIBS_EXT__ 1
#define __STDC_WANT_IEC_60559_BFP_EXT__ 1
#define __STDC_WANT_IEC_60559_DFP_EXT__ 1
#define __STDC_WANT_IEC_60559_FUNCS_EXT__ 1
#define __STDC_WANT_IEC_60559_TYPES_EXT__ 1
#define __STDC_WANT_LIB_EXT2__ 1
#define __STDC_WANT_MATH_SPEC_FUNCS__ 1
#define _TANDEM_SOURCE 1
#define HAVE_DLFCN_H 1
#define LT_OBJDIR ".libs/"
#define HAVE_VISIBILITY 1

configure: exit 0
